<?xml version="1.0" encoding="UTF-8"?>
<!-- Generated by org.testng.reporters.JUnitXMLReporter -->
<testsuite hostname="GIND04LXB0Q2VP2" ignored="0" name="Default test" tests="6" failures="0" timestamp="18 Dec 2018 09:38:41 GMT" time="294.482" errors="0">
  <testcase name="verifyContactsPageLabelTest" time="0.041" classname="com.crm.qa.TestCases.ContactsPageTest"/>
  <testcase name="selectSingleContactTest" time="0.098" classname="com.crm.qa.TestCases.ContactsPageTest"/>
  <testcase name="selectMultipleContactTest" time="0.195" classname="com.crm.qa.TestCases.ContactsPageTest"/>
  <testcase name="ValidateCreateNewContact" time="4.838" classname="com.crm.qa.TestCases.ContactsPageTest"/>
  <testcase name="ValidateCreateNewContact" time="4.723" classname="com.crm.qa.TestCases.ContactsPageTest"/>
  <testcase name="ValidateCreateNewContact" time="4.734" classname="com.crm.qa.TestCases.ContactsPageTest"/>
</testsuite> <!-- Default test -->
