<?xml version="1.0" encoding="UTF-8"?>
<!-- Generated by org.testng.reporters.JUnitXMLReporter -->
<testsuite hostname="GIND04LXB0Q2VP2" ignored="0" name="Free CRM Application Test Cases" tests="12" failures="0" timestamp="20 Dec 2018 06:36:28 GMT" time="530.267" errors="0">
  <testcase name="loginPageTitleTest" time="0.029" classname="com.crm.qa.TestCases.LoginPageTest"/>
  <testcase name="VerifyHomePageTitleTest" time="0.011" classname="com.crm.qa.TestCases.HomePageTest"/>
  <testcase name="verifyContactsPageLabelTest" time="0.028" classname="com.crm.qa.TestCases.ContactsPageTest"/>
  <testcase name="CRMImageTest" time="0.05" classname="com.crm.qa.TestCases.LoginPageTest"/>
  <testcase name="VerifyUserName" time="0.102" classname="com.crm.qa.TestCases.HomePageTest"/>
  <testcase name="selectSingleContactTest" time="0.123" classname="com.crm.qa.TestCases.ContactsPageTest"/>
  <testcase name="LoginTest" time="30.264" classname="com.crm.qa.TestCases.LoginPageTest"/>
  <testcase name="verifyContactsLinkTest" time="3.078" classname="com.crm.qa.TestCases.HomePageTest"/>
  <testcase name="selectMultipleContactTest" time="0.221" classname="com.crm.qa.TestCases.ContactsPageTest"/>
  <testcase name="ValidateCreateNewContact" time="4.725" classname="com.crm.qa.TestCases.ContactsPageTest"/>
  <testcase name="ValidateCreateNewContact" time="4.268" classname="com.crm.qa.TestCases.ContactsPageTest"/>
  <testcase name="ValidateCreateNewContact" time="4.57" classname="com.crm.qa.TestCases.ContactsPageTest"/>
</testsuite> <!-- Free CRM Application Test Cases -->
